{"numFailedTestSuites":1,"numFailedTests":11,"numPassedTestSuites":0,"numPassedTests":24,"numPendingTestSuites":0,"numPendingTests":0,"numRuntimeErrorTestSuites":0,"numTodoTests":0,"numTotalTestSuites":1,"numTotalTests":35,"openHandles":[],"snapshot":{"added":0,"didUpdate":false,"failure":false,"filesAdded":0,"filesRemoved":0,"filesRemovedList":[],"filesUnmatched":0,"filesUpdated":0,"matched":0,"total":0,"unchecked":0,"uncheckedKeysByFile":[],"unmatched":0,"updated":0},"startTime":1775512443666,"success":false,"testResults":[{"assertionResults":[{"ancestorTitles":["Allergy Validation Tests","validateAllergyCreate"],"duration":7,"failureDetails":[],"failureMessages":[],"fullName":"Allergy Validation Tests validateAllergyCreate should pass valid allergy creation data","invocations":1,"location":null,"numPassingAsserts":1,"retryReasons":[],"status":"passed","title":"should pass valid allergy creation data"},{"ancestorTitles":["Allergy Validation Tests","validateAllergyCreate"],"duration":2,"failureDetails":[],"failureMessages":[],"fullName":"Allergy Validation Tests validateAllergyCreate should fail with missing required fields","invocations":1,"location":null,"numPassingAsserts":2,"retryReasons":[],"status":"passed","title":"should fail with missing required fields"},{"ancestorTitles":["Allergy Validation Tests","validateAllergyCreate"],"duration":1,"failureDetails":[],"failureMessages":[],"fullName":"Allergy Validation Tests validateAllergyCreate should fail with invalid member_id format","invocations":1,"location":null,"numPassingAsserts":2,"retryReasons":[],"status":"passed","title":"should fail with invalid member_id format"},{"ancestorTitles":["Allergy Validation Tests","validateAllergyCreate"],"duration":1,"failureDetails":[],"failureMessages":[],"fullName":"Allergy Validation Tests validateAllergyCreate should fail with invalid severity","invocations":1,"location":null,"numPassingAsserts":2,"retryReasons":[],"status":"passed","title":"should fail with invalid severity"},{"ancestorTitles":["Allergy Validation Tests","validateAllergyCreate"],"duration":2,"failureDetails":[],"failureMessages":[],"fullName":"Allergy Validation Tests validateAllergyCreate should accept valid severity values","invocations":1,"location":null,"numPassingAsserts":4,"retryReasons":[],"status":"passed","title":"should accept valid severity values"},{"ancestorTitles":["Allergy Validation Tests","validateAllergyCreate"],"duration":1,"failureDetails":[],"failureMessages":[],"fullName":"Allergy Validation Tests validateAllergyCreate should allow special characters in allergy_type","invocations":1,"location":null,"numPassingAsserts":1,"retryReasons":[],"status":"passed","title":"should allow special characters in allergy_type"},{"ancestorTitles":["Allergy Validation Tests","validateAllergyCreate"],"duration":0,"failureDetails":[],"failureMessages":[],"fullName":"Allergy Validation Tests validateAllergyCreate should reject allergy_type with special invalid characters","invocations":1,"location":null,"numPassingAsserts":1,"retryReasons":[],"status":"passed","title":"should reject allergy_type with special invalid characters"},{"ancestorTitles":["Allergy Validation Tests","validateAllergyCreate"],"duration":1,"failureDetails":[],"failureMessages":[],"fullName":"Allergy Validation Tests validateAllergyCreate should fail with future since_year","invocations":1,"location":null,"numPassingAsserts":1,"retryReasons":[],"status":"passed","title":"should fail with future since_year"},{"ancestorTitles":["Allergy Validation Tests","validateAllergyUpdate"],"duration":1,"failureDetails":[],"failureMessages":[],"fullName":"Allergy Validation Tests validateAllergyUpdate should pass valid allergy update data","invocations":1,"location":null,"numPassingAsserts":1,"retryReasons":[],"status":"passed","title":"should pass valid allergy update data"},{"ancestorTitles":["Allergy Validation Tests","validateAllergyUpdate"],"duration":1,"failureDetails":[],"failureMessages":[],"fullName":"Allergy Validation Tests validateAllergyUpdate should fail with invalid MongoDB ID","invocations":1,"location":null,"numPassingAsserts":2,"retryReasons":[],"status":"passed","title":"should fail with invalid MongoDB ID"},{"ancestorTitles":["Allergy Validation Tests","validateAllergyUpdate"],"duration":0,"failureDetails":[],"failureMessages":[],"fullName":"Allergy Validation Tests validateAllergyUpdate should allow partial updates","invocations":1,"location":null,"numPassingAsserts":1,"retryReasons":[],"status":"passed","title":"should allow partial updates"},{"ancestorTitles":["Allergy Validation Tests","validateAllergyId"],"duration":1,"failureDetails":[],"failureMessages":[],"fullName":"Allergy Validation Tests validateAllergyId should pass valid MongoDB ID","invocations":1,"location":null,"numPassingAsserts":1,"retryReasons":[],"status":"passed","title":"should pass valid MongoDB ID"},{"ancestorTitles":["Allergy Validation Tests","validateAllergyId"],"duration":0,"failureDetails":[],"failureMessages":[],"fullName":"Allergy Validation Tests validateAllergyId should fail with invalid MongoDB ID","invocations":1,"location":null,"numPassingAsserts":1,"retryReasons":[],"status":"passed","title":"should fail with invalid MongoDB ID"},{"ancestorTitles":["Chronic Disease Validation Tests","validateChronicDiseaseCreate"],"duration":1,"failureDetails":[],"failureMessages":[],"fullName":"Chronic Disease Validation Tests validateChronicDiseaseCreate should pass valid chronic disease data","invocations":1,"location":null,"numPassingAsserts":1,"retryReasons":[],"status":"passed","title":"should pass valid chronic disease data"},{"ancestorTitles":["Chronic Disease Validation Tests","validateChronicDiseaseCreate"],"duration":1,"failureDetails":[],"failureMessages":[],"fullName":"Chronic Disease Validation Tests validateChronicDiseaseCreate should fail with missing required fields","invocations":1,"location":null,"numPassingAsserts":1,"retryReasons":[],"status":"passed","title":"should fail with missing required fields"},{"ancestorTitles":["Chronic Disease Validation Tests","validateChronicDiseaseCreate"],"duration":1,"failureDetails":[],"failureMessages":[],"fullName":"Chronic Disease Validation Tests validateChronicDiseaseCreate should validate status values","invocations":1,"location":null,"numPassingAsserts":3,"retryReasons":[],"status":"passed","title":"should validate status values"},{"ancestorTitles":["Emergency Contact Validation Tests","validateEmergencyContactCreate"],"duration":3,"failureDetails":[{"matcherResult":{"actual":false,"expected":true,"message":"expect(received).toBe(expected) // Object.is equality\n\nExpected: true\nReceived: false","name":"toBe","pass":false}}],"failureMessages":["Error: expect(received).toBe(expected) // Object.is equality\n\nExpected: true\nReceived: false\n    at Object.<anonymous> (D:\\SLIIT\\Year 03\\Semester 1\\AF\\Assignment\\Project\\MediLab-main\\MediLab\\apps\\backend\\src\\modules\\patient\\__tests__\\unit\\validation\\validator.unit.test.js:341:30)"],"fullName":"Emergency Contact Validation Tests validateEmergencyContactCreate should pass valid emergency contact data","invocations":1,"location":null,"numPassingAsserts":0,"retryReasons":[],"status":"failed","title":"should pass valid emergency contact data"},{"ancestorTitles":["Emergency Contact Validation Tests","validateEmergencyContactCreate"],"duration":2,"failureDetails":[],"failureMessages":[],"fullName":"Emergency Contact Validation Tests validateEmergencyContactCreate should fail with invalid contact number","invocations":1,"location":null,"numPassingAsserts":1,"retryReasons":[],"status":"passed","title":"should fail with invalid contact number"},{"ancestorTitles":["Emergency Contact Validation Tests","validateEmergencyContactCreate"],"duration":2,"failureDetails":[],"failureMessages":[],"fullName":"Emergency Contact Validation Tests validateEmergencyContactCreate should fail with invalid email","invocations":1,"location":null,"numPassingAsserts":1,"retryReasons":[],"status":"passed","title":"should fail with invalid email"},{"ancestorTitles":["Family Member Validation Tests","validateFamilyMemberCreate"],"duration":1,"failureDetails":[{"matcherResult":{"actual":false,"expected":true,"message":"expect(received).toBe(expected) // Object.is equality\n\nExpected: true\nReceived: false","name":"toBe","pass":false}}],"failureMessages":["Error: expect(received).toBe(expected) // Object.is equality\n\nExpected: true\nReceived: false\n    at Object.<anonymous> (D:\\SLIIT\\Year 03\\Semester 1\\AF\\Assignment\\Project\\MediLab-main\\MediLab\\apps\\backend\\src\\modules\\patient\\__tests__\\unit\\validation\\validator.unit.test.js:390:30)"],"fullName":"Family Member Validation Tests validateFamilyMemberCreate should pass valid family member data","invocations":1,"location":null,"numPassingAsserts":0,"retryReasons":[],"status":"failed","title":"should pass valid family member data"},{"ancestorTitles":["Family Member Validation Tests","validateFamilyMemberCreate"],"duration":4,"failureDetails":[{"matcherResult":{"actual":false,"expected":true,"message":"expect(received).toBe(expected) // Object.is equality\n\nExpected: true\nReceived: false","name":"toBe","pass":false}}],"failureMessages":["Error: expect(received).toBe(expected) // Object.is equality\n\nExpected: true\nReceived: false\n    at Object.<anonymous> (D:\\SLIIT\\Year 03\\Semester 1\\AF\\Assignment\\Project\\MediLab-main\\MediLab\\apps\\backend\\src\\modules\\patient\\__tests__\\unit\\validation\\validator.unit.test.js:408:32)"],"fullName":"Family Member Validation Tests validateFamilyMemberCreate should validate gender values","invocations":1,"location":null,"numPassingAsserts":0,"retryReasons":[],"status":"failed","title":"should validate gender values"},{"ancestorTitles":["Household Validation Tests","validateHouseholdCreate"],"duration":3,"failureDetails":[{"matcherResult":{"actual":false,"expected":true,"message":"expect(received).toBe(expected) // Object.is equality\n\nExpected: true\nReceived: false","name":"toBe","pass":false}}],"failureMessages":["Error: expect(received).toBe(expected) // Object.is equality\n\nExpected: true\nReceived: false\n    at Object.<anonymous> (D:\\SLIIT\\Year 03\\Semester 1\\AF\\Assignment\\Project\\MediLab-main\\MediLab\\apps\\backend\\src\\modules\\patient\\__tests__\\unit\\validation\\validator.unit.test.js:428:30)"],"fullName":"Household Validation Tests validateHouseholdCreate should pass valid household data","invocations":1,"location":null,"numPassingAsserts":0,"retryReasons":[],"status":"failed","title":"should pass valid household data"},{"ancestorTitles":["Household Validation Tests","validateHouseholdCreate"],"duration":2,"failureDetails":[],"failureMessages":[],"fullName":"Household Validation Tests validateHouseholdCreate should fail with invalid household_id format","invocations":1,"location":null,"numPassingAsserts":1,"retryReasons":[],"status":"passed","title":"should fail with invalid household_id format"},{"ancestorTitles":["Medication Validation Tests","validateMedicationCreate"],"duration":2,"failureDetails":[{"matcherResult":{"actual":false,"expected":true,"message":"expect(received).toBe(expected) // Object.is equality\n\nExpected: true\nReceived: false","name":"toBe","pass":false}}],"failureMessages":["Error: expect(received).toBe(expected) // Object.is equality\n\nExpected: true\nReceived: false\n    at Object.<anonymous> (D:\\SLIIT\\Year 03\\Semester 1\\AF\\Assignment\\Project\\MediLab-main\\MediLab\\apps\\backend\\src\\modules\\patient\\__tests__\\unit\\validation\\validator.unit.test.js:463:30)"],"fullName":"Medication Validation Tests validateMedicationCreate should pass valid medication data","invocations":1,"location":null,"numPassingAsserts":0,"retryReasons":[],"status":"failed","title":"should pass valid medication data"},{"ancestorTitles":["Medication Validation Tests","validateMedicationCreate"],"duration":2,"failureDetails":[],"failureMessages":[],"fullName":"Medication Validation Tests validateMedicationCreate should fail with missing required fields","invocations":1,"location":null,"numPassingAsserts":1,"retryReasons":[],"status":"passed","title":"should fail with missing required fields"},{"ancestorTitles":["Visit Validation Tests","validateVisitCreate"],"duration":1,"failureDetails":[{"matcherResult":{"actual":false,"expected":true,"message":"expect(received).toBe(expected) // Object.is equality\n\nExpected: true\nReceived: false","name":"toBe","pass":false}}],"failureMessages":["Error: expect(received).toBe(expected) // Object.is equality\n\nExpected: true\nReceived: false\n    at Object.<anonymous> (D:\\SLIIT\\Year 03\\Semester 1\\AF\\Assignment\\Project\\MediLab-main\\MediLab\\apps\\backend\\src\\modules\\patient\\__tests__\\unit\\validation\\validator.unit.test.js:494:30)"],"fullName":"Visit Validation Tests validateVisitCreate should pass valid visit data","invocations":1,"location":null,"numPassingAsserts":0,"retryReasons":[],"status":"failed","title":"should pass valid visit data"},{"ancestorTitles":["Visit Validation Tests","validateVisitCreate"],"duration":1,"failureDetails":[{"matcherResult":{"actual":false,"expected":true,"message":"expect(received).toBe(expected) // Object.is equality\n\nExpected: true\nReceived: false","name":"toBe","pass":false}}],"failureMessages":["Error: expect(received).toBe(expected) // Object.is equality\n\nExpected: true\nReceived: false\n    at Object.<anonymous> (D:\\SLIIT\\Year 03\\Semester 1\\AF\\Assignment\\Project\\MediLab-main\\MediLab\\apps\\backend\\src\\modules\\patient\\__tests__\\unit\\validation\\validator.unit.test.js:513:32)"],"fullName":"Visit Validation Tests validateVisitCreate should validate visit_type values","invocations":1,"location":null,"numPassingAsserts":0,"retryReasons":[],"status":"failed","title":"should validate visit_type values"},{"ancestorTitles":["Member Validation Tests","validateMemberCreate"],"duration":1,"failureDetails":[{}],"failureMessages":["TypeError: Cannot read properties of undefined (reading 'toLowerCase')\n    at Sanitization.sanitizer (D:\\SLIIT\\Year 03\\Semester 1\\AF\\Assignment\\Project\\MediLab-main\\MediLab\\apps\\backend\\src\\modules\\patient\\validations\\memberValidation.js:116:37)\n    at runCustomSanitizer (D:\\SLIIT\\Year 03\\Semester 1\\AF\\Assignment\\Project\\MediLab-main\\MediLab\\apps\\backend\\node_modules\\express-validator\\lib\\context-items\\sanitization.js:18:41)\n    at Sanitization.run (D:\\SLIIT\\Year 03\\Semester 1\\AF\\Assignment\\Project\\MediLab-main\\MediLab\\apps\\backend\\node_modules\\express-validator\\lib\\context-items\\sanitization.js:22:36)\n    at D:\\SLIIT\\Year 03\\Semester 1\\AF\\Assignment\\Project\\MediLab-main\\MediLab\\apps\\backend\\node_modules\\express-validator\\lib\\chain\\context-runner-impl.js:41:39\n    at Array.map (<anonymous>)\n    at ContextRunnerImpl.run (D:\\SLIIT\\Year 03\\Semester 1\\AF\\Assignment\\Project\\MediLab-main\\MediLab\\apps\\backend\\node_modules\\express-validator\\lib\\chain\\context-runner-impl.js:34:70)\n    at runValidators (D:\\SLIIT\\Year 03\\Semester 1\\AF\\Assignment\\Project\\MediLab-main\\MediLab\\apps\\backend\\src\\modules\\patient\\__tests__\\unit\\validation\\validator.unit.test.js:80:5)\n    at Object.<anonymous> (D:\\SLIIT\\Year 03\\Semester 1\\AF\\Assignment\\Project\\MediLab-main\\MediLab\\apps\\backend\\src\\modules\\patient\\__tests__\\unit\\validation\\validator.unit.test.js:537:22)"],"fullName":"Member Validation Tests validateMemberCreate should pass valid member data","invocations":1,"location":null,"numPassingAsserts":0,"retryReasons":[],"status":"failed","title":"should pass valid member data"},{"ancestorTitles":["Member Validation Tests","validateMemberCreate"],"duration":2,"failureDetails":[{}],"failureMessages":["TypeError: Cannot read properties of undefined (reading 'toLowerCase')\n    at Sanitization.sanitizer (D:\\SLIIT\\Year 03\\Semester 1\\AF\\Assignment\\Project\\MediLab-main\\MediLab\\apps\\backend\\src\\modules\\patient\\validations\\memberValidation.js:116:37)\n    at runCustomSanitizer (D:\\SLIIT\\Year 03\\Semester 1\\AF\\Assignment\\Project\\MediLab-main\\MediLab\\apps\\backend\\node_modules\\express-validator\\lib\\context-items\\sanitization.js:18:41)\n    at Sanitization.run (D:\\SLIIT\\Year 03\\Semester 1\\AF\\Assignment\\Project\\MediLab-main\\MediLab\\apps\\backend\\node_modules\\express-validator\\lib\\context-items\\sanitization.js:22:36)\n    at D:\\SLIIT\\Year 03\\Semester 1\\AF\\Assignment\\Project\\MediLab-main\\MediLab\\apps\\backend\\node_modules\\express-validator\\lib\\chain\\context-runner-impl.js:41:39\n    at Array.map (<anonymous>)\n    at ContextRunnerImpl.run (D:\\SLIIT\\Year 03\\Semester 1\\AF\\Assignment\\Project\\MediLab-main\\MediLab\\apps\\backend\\node_modules\\express-validator\\lib\\chain\\context-runner-impl.js:34:70)\n    at runValidators (D:\\SLIIT\\Year 03\\Semester 1\\AF\\Assignment\\Project\\MediLab-main\\MediLab\\apps\\backend\\src\\modules\\patient\\__tests__\\unit\\validation\\validator.unit.test.js:80:5)\n    at Object.<anonymous> (D:\\SLIIT\\Year 03\\Semester 1\\AF\\Assignment\\Project\\MediLab-main\\MediLab\\apps\\backend\\src\\modules\\patient\\__tests__\\unit\\validation\\validator.unit.test.js:557:22)"],"fullName":"Member Validation Tests validateMemberCreate should fail with invalid email format","invocations":1,"location":null,"numPassingAsserts":0,"retryReasons":[],"status":"failed","title":"should fail with invalid email format"},{"ancestorTitles":["Member Validation Tests","validateMemberCreate"],"duration":1,"failureDetails":[{}],"failureMessages":["TypeError: Cannot read properties of undefined (reading 'toLowerCase')\n    at Sanitization.sanitizer (D:\\SLIIT\\Year 03\\Semester 1\\AF\\Assignment\\Project\\MediLab-main\\MediLab\\apps\\backend\\src\\modules\\patient\\validations\\memberValidation.js:116:37)\n    at runCustomSanitizer (D:\\SLIIT\\Year 03\\Semester 1\\AF\\Assignment\\Project\\MediLab-main\\MediLab\\apps\\backend\\node_modules\\express-validator\\lib\\context-items\\sanitization.js:18:41)\n    at Sanitization.run (D:\\SLIIT\\Year 03\\Semester 1\\AF\\Assignment\\Project\\MediLab-main\\MediLab\\apps\\backend\\node_modules\\express-validator\\lib\\context-items\\sanitization.js:22:36)\n    at D:\\SLIIT\\Year 03\\Semester 1\\AF\\Assignment\\Project\\MediLab-main\\MediLab\\apps\\backend\\node_modules\\express-validator\\lib\\chain\\context-runner-impl.js:41:39\n    at Array.map (<anonymous>)\n    at ContextRunnerImpl.run (D:\\SLIIT\\Year 03\\Semester 1\\AF\\Assignment\\Project\\MediLab-main\\MediLab\\apps\\backend\\node_modules\\express-validator\\lib\\chain\\context-runner-impl.js:34:70)\n    at runValidators (D:\\SLIIT\\Year 03\\Semester 1\\AF\\Assignment\\Project\\MediLab-main\\MediLab\\apps\\backend\\src\\modules\\patient\\__tests__\\unit\\validation\\validator.unit.test.js:80:5)\n    at Object.<anonymous> (D:\\SLIIT\\Year 03\\Semester 1\\AF\\Assignment\\Project\\MediLab-main\\MediLab\\apps\\backend\\src\\modules\\patient\\__tests__\\unit\\validation\\validator.unit.test.js:577:22)"],"fullName":"Member Validation Tests validateMemberCreate should fail with weak password","invocations":1,"location":null,"numPassingAsserts":0,"retryReasons":[],"status":"failed","title":"should fail with weak password"},{"ancestorTitles":["Member Validation Tests","validateMemberCreate"],"duration":0,"failureDetails":[{}],"failureMessages":["TypeError: Cannot read properties of undefined (reading 'toLowerCase')\n    at Sanitization.sanitizer (D:\\SLIIT\\Year 03\\Semester 1\\AF\\Assignment\\Project\\MediLab-main\\MediLab\\apps\\backend\\src\\modules\\patient\\validations\\memberValidation.js:116:37)\n    at runCustomSanitizer (D:\\SLIIT\\Year 03\\Semester 1\\AF\\Assignment\\Project\\MediLab-main\\MediLab\\apps\\backend\\node_modules\\express-validator\\lib\\context-items\\sanitization.js:18:41)\n    at Sanitization.run (D:\\SLIIT\\Year 03\\Semester 1\\AF\\Assignment\\Project\\MediLab-main\\MediLab\\apps\\backend\\node_modules\\express-validator\\lib\\context-items\\sanitization.js:22:36)\n    at D:\\SLIIT\\Year 03\\Semester 1\\AF\\Assignment\\Project\\MediLab-main\\MediLab\\apps\\backend\\node_modules\\express-validator\\lib\\chain\\context-runner-impl.js:41:39\n    at Array.map (<anonymous>)\n    at ContextRunnerImpl.run (D:\\SLIIT\\Year 03\\Semester 1\\AF\\Assignment\\Project\\MediLab-main\\MediLab\\apps\\backend\\node_modules\\express-validator\\lib\\chain\\context-runner-impl.js:34:70)\n    at runValidators (D:\\SLIIT\\Year 03\\Semester 1\\AF\\Assignment\\Project\\MediLab-main\\MediLab\\apps\\backend\\src\\modules\\patient\\__tests__\\unit\\validation\\validator.unit.test.js:80:5)\n    at Object.<anonymous> (D:\\SLIIT\\Year 03\\Semester 1\\AF\\Assignment\\Project\\MediLab-main\\MediLab\\apps\\backend\\src\\modules\\patient\\__tests__\\unit\\validation\\validator.unit.test.js:597:22)"],"fullName":"Member Validation Tests validateMemberCreate should fail with invalid contact number","invocations":1,"location":null,"numPassingAsserts":0,"retryReasons":[],"status":"failed","title":"should fail with invalid contact number"},{"ancestorTitles":["Member Validation Tests","validateMemberUpdate"],"duration":2,"failureDetails":[],"failureMessages":[],"fullName":"Member Validation Tests validateMemberUpdate should pass valid partial member update","invocations":1,"location":null,"numPassingAsserts":1,"retryReasons":[],"status":"passed","title":"should pass valid partial member update"},{"ancestorTitles":["Member Validation Tests","validateMemberUpdate"],"duration":2,"failureDetails":[],"failureMessages":[],"fullName":"Member Validation Tests validateMemberUpdate should fail with invalid member ID","invocations":1,"location":null,"numPassingAsserts":1,"retryReasons":[],"status":"passed","title":"should fail with invalid member ID"},{"ancestorTitles":["Member Validation Tests","validateMemberId"],"duration":1,"failureDetails":[],"failureMessages":[],"fullName":"Member Validation Tests validateMemberId should pass valid member ID","invocations":1,"location":null,"numPassingAsserts":1,"retryReasons":[],"status":"passed","title":"should pass valid member ID"},{"ancestorTitles":["Member Validation Tests","validateMemberId"],"duration":1,"failureDetails":[],"failureMessages":[],"fullName":"Member Validation Tests validateMemberId should fail with invalid member ID format","invocations":1,"location":null,"numPassingAsserts":1,"retryReasons":[],"status":"passed","title":"should fail with invalid member ID format"}],"endTime":1775512444369,"message":"  ● Emergency Contact Validation Tests › validateEmergencyContactCreate › should pass valid emergency contact data\n\n    expect(received).toBe(expected) // Object.is equality\n\n    Expected: true\n    Received: false\n\n    \u001b[0m \u001b[90m 339 |\u001b[39m       \n     \u001b[90m 340 |\u001b[39m       \u001b[36mconst\u001b[39m result \u001b[33m=\u001b[39m \u001b[36mawait\u001b[39m runValidators(validateEmergencyContactCreate\u001b[33m,\u001b[39m data)\u001b[33m;\u001b[39m\n    \u001b[31m\u001b[1m>\u001b[22m\u001b[39m\u001b[90m 341 |\u001b[39m       expect(result\u001b[33m.\u001b[39misValid)\u001b[33m.\u001b[39mtoBe(\u001b[36mtrue\u001b[39m)\u001b[33m;\u001b[39m\n     \u001b[90m     |\u001b[39m                              \u001b[31m\u001b[1m^\u001b[22m\u001b[39m\n     \u001b[90m 342 |\u001b[39m     })\u001b[33m;\u001b[39m\n     \u001b[90m 343 |\u001b[39m\n     \u001b[90m 344 |\u001b[39m     it(\u001b[32m'should fail with invalid contact number'\u001b[39m\u001b[33m,\u001b[39m \u001b[36masync\u001b[39m () \u001b[33m=>\u001b[39m {\u001b[0m\n\n      at Object.<anonymous> (src/modules/patient/__tests__/unit/validation/validator.unit.test.js:341:30)\n\n  ● Family Member Validation Tests › validateFamilyMemberCreate › should pass valid family member data\n\n    expect(received).toBe(expected) // Object.is equality\n\n    Expected: true\n    Received: false\n\n    \u001b[0m \u001b[90m 388 |\u001b[39m       \n     \u001b[90m 389 |\u001b[39m       \u001b[36mconst\u001b[39m result \u001b[33m=\u001b[39m \u001b[36mawait\u001b[39m runValidators(validateFamilyMemberCreate\u001b[33m,\u001b[39m data)\u001b[33m;\u001b[39m\n    \u001b[31m\u001b[1m>\u001b[22m\u001b[39m\u001b[90m 390 |\u001b[39m       expect(result\u001b[33m.\u001b[39misValid)\u001b[33m.\u001b[39mtoBe(\u001b[36mtrue\u001b[39m)\u001b[33m;\u001b[39m\n     \u001b[90m     |\u001b[39m                              \u001b[31m\u001b[1m^\u001b[22m\u001b[39m\n     \u001b[90m 391 |\u001b[39m     })\u001b[33m;\u001b[39m\n     \u001b[90m 392 |\u001b[39m\n     \u001b[90m 393 |\u001b[39m     it(\u001b[32m'should validate gender values'\u001b[39m\u001b[33m,\u001b[39m \u001b[36masync\u001b[39m () \u001b[33m=>\u001b[39m {\u001b[0m\n\n      at Object.<anonymous> (src/modules/patient/__tests__/unit/validation/validator.unit.test.js:390:30)\n\n  ● Family Member Validation Tests › validateFamilyMemberCreate › should validate gender values\n\n    expect(received).toBe(expected) // Object.is equality\n\n    Expected: true\n    Received: false\n\n    \u001b[0m \u001b[90m 406 |\u001b[39m         \n     \u001b[90m 407 |\u001b[39m         \u001b[36mconst\u001b[39m result \u001b[33m=\u001b[39m \u001b[36mawait\u001b[39m runValidators(validateFamilyMemberCreate\u001b[33m,\u001b[39m data)\u001b[33m;\u001b[39m\n    \u001b[31m\u001b[1m>\u001b[22m\u001b[39m\u001b[90m 408 |\u001b[39m         expect(result\u001b[33m.\u001b[39misValid)\u001b[33m.\u001b[39mtoBe(\u001b[36mtrue\u001b[39m)\u001b[33m;\u001b[39m\n     \u001b[90m     |\u001b[39m                                \u001b[31m\u001b[1m^\u001b[22m\u001b[39m\n     \u001b[90m 409 |\u001b[39m       }\n     \u001b[90m 410 |\u001b[39m     })\u001b[33m;\u001b[39m\n     \u001b[90m 411 |\u001b[39m   })\u001b[33m;\u001b[39m\u001b[0m\n\n      at Object.<anonymous> (src/modules/patient/__tests__/unit/validation/validator.unit.test.js:408:32)\n\n  ● Household Validation Tests › validateHouseholdCreate › should pass valid household data\n\n    expect(received).toBe(expected) // Object.is equality\n\n    Expected: true\n    Received: false\n\n    \u001b[0m \u001b[90m 426 |\u001b[39m       \n     \u001b[90m 427 |\u001b[39m       \u001b[36mconst\u001b[39m result \u001b[33m=\u001b[39m \u001b[36mawait\u001b[39m runValidators(validateHouseholdCreate\u001b[33m,\u001b[39m data)\u001b[33m;\u001b[39m\n    \u001b[31m\u001b[1m>\u001b[22m\u001b[39m\u001b[90m 428 |\u001b[39m       expect(result\u001b[33m.\u001b[39misValid)\u001b[33m.\u001b[39mtoBe(\u001b[36mtrue\u001b[39m)\u001b[33m;\u001b[39m\n     \u001b[90m     |\u001b[39m                              \u001b[31m\u001b[1m^\u001b[22m\u001b[39m\n     \u001b[90m 429 |\u001b[39m     })\u001b[33m;\u001b[39m\n     \u001b[90m 430 |\u001b[39m\n     \u001b[90m 431 |\u001b[39m     it(\u001b[32m'should fail with invalid household_id format'\u001b[39m\u001b[33m,\u001b[39m \u001b[36masync\u001b[39m () \u001b[33m=>\u001b[39m {\u001b[0m\n\n      at Object.<anonymous> (src/modules/patient/__tests__/unit/validation/validator.unit.test.js:428:30)\n\n  ● Medication Validation Tests › validateMedicationCreate › should pass valid medication data\n\n    expect(received).toBe(expected) // Object.is equality\n\n    Expected: true\n    Received: false\n\n    \u001b[0m \u001b[90m 461 |\u001b[39m       \n     \u001b[90m 462 |\u001b[39m       \u001b[36mconst\u001b[39m result \u001b[33m=\u001b[39m \u001b[36mawait\u001b[39m runValidators(validateMedicationCreate\u001b[33m,\u001b[39m data)\u001b[33m;\u001b[39m\n    \u001b[31m\u001b[1m>\u001b[22m\u001b[39m\u001b[90m 463 |\u001b[39m       expect(result\u001b[33m.\u001b[39misValid)\u001b[33m.\u001b[39mtoBe(\u001b[36mtrue\u001b[39m)\u001b[33m;\u001b[39m\n     \u001b[90m     |\u001b[39m                              \u001b[31m\u001b[1m^\u001b[22m\u001b[39m\n     \u001b[90m 464 |\u001b[39m     })\u001b[33m;\u001b[39m\n     \u001b[90m 465 |\u001b[39m\n     \u001b[90m 466 |\u001b[39m     it(\u001b[32m'should fail with missing required fields'\u001b[39m\u001b[33m,\u001b[39m \u001b[36masync\u001b[39m () \u001b[33m=>\u001b[39m {\u001b[0m\n\n      at Object.<anonymous> (src/modules/patient/__tests__/unit/validation/validator.unit.test.js:463:30)\n\n  ● Visit Validation Tests › validateVisitCreate › should pass valid visit data\n\n    expect(received).toBe(expected) // Object.is equality\n\n    Expected: true\n    Received: false\n\n    \u001b[0m \u001b[90m 492 |\u001b[39m       \n     \u001b[90m 493 |\u001b[39m       \u001b[36mconst\u001b[39m result \u001b[33m=\u001b[39m \u001b[36mawait\u001b[39m runValidators(validateVisitCreate\u001b[33m,\u001b[39m data)\u001b[33m;\u001b[39m\n    \u001b[31m\u001b[1m>\u001b[22m\u001b[39m\u001b[90m 494 |\u001b[39m       expect(result\u001b[33m.\u001b[39misValid)\u001b[33m.\u001b[39mtoBe(\u001b[36mtrue\u001b[39m)\u001b[33m;\u001b[39m\n     \u001b[90m     |\u001b[39m                              \u001b[31m\u001b[1m^\u001b[22m\u001b[39m\n     \u001b[90m 495 |\u001b[39m     })\u001b[33m;\u001b[39m\n     \u001b[90m 496 |\u001b[39m\n     \u001b[90m 497 |\u001b[39m     it(\u001b[32m'should validate visit_type values'\u001b[39m\u001b[33m,\u001b[39m \u001b[36masync\u001b[39m () \u001b[33m=>\u001b[39m {\u001b[0m\n\n      at Object.<anonymous> (src/modules/patient/__tests__/unit/validation/validator.unit.test.js:494:30)\n\n  ● Visit Validation Tests › validateVisitCreate › should validate visit_type values\n\n    expect(received).toBe(expected) // Object.is equality\n\n    Expected: true\n    Received: false\n\n    \u001b[0m \u001b[90m 511 |\u001b[39m         \n     \u001b[90m 512 |\u001b[39m         \u001b[36mconst\u001b[39m result \u001b[33m=\u001b[39m \u001b[36mawait\u001b[39m runValidators(validateVisitCreate\u001b[33m,\u001b[39m data)\u001b[33m;\u001b[39m\n    \u001b[31m\u001b[1m>\u001b[22m\u001b[39m\u001b[90m 513 |\u001b[39m         expect(result\u001b[33m.\u001b[39misValid)\u001b[33m.\u001b[39mtoBe(\u001b[36mtrue\u001b[39m)\u001b[33m;\u001b[39m\n     \u001b[90m     |\u001b[39m                                \u001b[31m\u001b[1m^\u001b[22m\u001b[39m\n     \u001b[90m 514 |\u001b[39m       }\n     \u001b[90m 515 |\u001b[39m     })\u001b[33m;\u001b[39m\n     \u001b[90m 516 |\u001b[39m   })\u001b[33m;\u001b[39m\u001b[0m\n\n      at Object.<anonymous> (src/modules/patient/__tests__/unit/validation/validator.unit.test.js:513:32)\n\n  ● Member Validation Tests › validateMemberCreate › should pass valid member data\n\n    TypeError: Cannot read properties of undefined (reading 'toLowerCase')\n\n    \u001b[0m \u001b[90m 114 |\u001b[39m     \u001b[33m.\u001b[39misIn([\u001b[32m'male'\u001b[39m\u001b[33m,\u001b[39m \u001b[32m'female'\u001b[39m\u001b[33m,\u001b[39m \u001b[32m'Male'\u001b[39m\u001b[33m,\u001b[39m \u001b[32m'Female'\u001b[39m])\n     \u001b[90m 115 |\u001b[39m     \u001b[33m.\u001b[39mwithMessage(\u001b[32m\"Gender must be either 'male' or 'female'\"\u001b[39m)\n    \u001b[31m\u001b[1m>\u001b[22m\u001b[39m\u001b[90m 116 |\u001b[39m     \u001b[33m.\u001b[39mcustomSanitizer(value \u001b[33m=>\u001b[39m value\u001b[33m.\u001b[39mtoLowerCase())\u001b[33m,\u001b[39m\n     \u001b[90m     |\u001b[39m                                     \u001b[31m\u001b[1m^\u001b[22m\u001b[39m\n     \u001b[90m 117 |\u001b[39m   \n     \u001b[90m 118 |\u001b[39m   body(\u001b[32m\"gn_division\"\u001b[39m)\n     \u001b[90m 119 |\u001b[39m     \u001b[33m.\u001b[39mnotEmpty()\u001b[0m\n\n      at Sanitization.sanitizer (src/modules/patient/validations/memberValidation.js:116:37)\n      at runCustomSanitizer (node_modules/express-validator/lib/context-items/sanitization.js:18:41)\n      at Sanitization.run (node_modules/express-validator/lib/context-items/sanitization.js:22:36)\n      at node_modules/express-validator/lib/chain/context-runner-impl.js:41:39\n          at Array.map (<anonymous>)\n      at ContextRunnerImpl.run (node_modules/express-validator/lib/chain/context-runner-impl.js:34:70)\n      at runValidators (src/modules/patient/__tests__/unit/validation/validator.unit.test.js:80:5)\n      at Object.<anonymous> (src/modules/patient/__tests__/unit/validation/validator.unit.test.js:537:22)\n\n  ● Member Validation Tests › validateMemberCreate › should fail with invalid email format\n\n    TypeError: Cannot read properties of undefined (reading 'toLowerCase')\n\n    \u001b[0m \u001b[90m 114 |\u001b[39m     \u001b[33m.\u001b[39misIn([\u001b[32m'male'\u001b[39m\u001b[33m,\u001b[39m \u001b[32m'female'\u001b[39m\u001b[33m,\u001b[39m \u001b[32m'Male'\u001b[39m\u001b[33m,\u001b[39m \u001b[32m'Female'\u001b[39m])\n     \u001b[90m 115 |\u001b[39m     \u001b[33m.\u001b[39mwithMessage(\u001b[32m\"Gender must be either 'male' or 'female'\"\u001b[39m)\n    \u001b[31m\u001b[1m>\u001b[22m\u001b[39m\u001b[90m 116 |\u001b[39m     \u001b[33m.\u001b[39mcustomSanitizer(value \u001b[33m=>\u001b[39m value\u001b[33m.\u001b[39mtoLowerCase())\u001b[33m,\u001b[39m\n     \u001b[90m     |\u001b[39m                                     \u001b[31m\u001b[1m^\u001b[22m\u001b[39m\n     \u001b[90m 117 |\u001b[39m   \n     \u001b[90m 118 |\u001b[39m   body(\u001b[32m\"gn_division\"\u001b[39m)\n     \u001b[90m 119 |\u001b[39m     \u001b[33m.\u001b[39mnotEmpty()\u001b[0m\n\n      at Sanitization.sanitizer (src/modules/patient/validations/memberValidation.js:116:37)\n      at runCustomSanitizer (node_modules/express-validator/lib/context-items/sanitization.js:18:41)\n      at Sanitization.run (node_modules/express-validator/lib/context-items/sanitization.js:22:36)\n      at node_modules/express-validator/lib/chain/context-runner-impl.js:41:39\n          at Array.map (<anonymous>)\n      at ContextRunnerImpl.run (node_modules/express-validator/lib/chain/context-runner-impl.js:34:70)\n      at runValidators (src/modules/patient/__tests__/unit/validation/validator.unit.test.js:80:5)\n      at Object.<anonymous> (src/modules/patient/__tests__/unit/validation/validator.unit.test.js:557:22)\n\n  ● Member Validation Tests › validateMemberCreate › should fail with weak password\n\n    TypeError: Cannot read properties of undefined (reading 'toLowerCase')\n\n    \u001b[0m \u001b[90m 114 |\u001b[39m     \u001b[33m.\u001b[39misIn([\u001b[32m'male'\u001b[39m\u001b[33m,\u001b[39m \u001b[32m'female'\u001b[39m\u001b[33m,\u001b[39m \u001b[32m'Male'\u001b[39m\u001b[33m,\u001b[39m \u001b[32m'Female'\u001b[39m])\n     \u001b[90m 115 |\u001b[39m     \u001b[33m.\u001b[39mwithMessage(\u001b[32m\"Gender must be either 'male' or 'female'\"\u001b[39m)\n    \u001b[31m\u001b[1m>\u001b[22m\u001b[39m\u001b[90m 116 |\u001b[39m     \u001b[33m.\u001b[39mcustomSanitizer(value \u001b[33m=>\u001b[39m value\u001b[33m.\u001b[39mtoLowerCase())\u001b[33m,\u001b[39m\n     \u001b[90m     |\u001b[39m                                     \u001b[31m\u001b[1m^\u001b[22m\u001b[39m\n     \u001b[90m 117 |\u001b[39m   \n     \u001b[90m 118 |\u001b[39m   body(\u001b[32m\"gn_division\"\u001b[39m)\n     \u001b[90m 119 |\u001b[39m     \u001b[33m.\u001b[39mnotEmpty()\u001b[0m\n\n      at Sanitization.sanitizer (src/modules/patient/validations/memberValidation.js:116:37)\n      at runCustomSanitizer (node_modules/express-validator/lib/context-items/sanitization.js:18:41)\n      at Sanitization.run (node_modules/express-validator/lib/context-items/sanitization.js:22:36)\n      at node_modules/express-validator/lib/chain/context-runner-impl.js:41:39\n          at Array.map (<anonymous>)\n      at ContextRunnerImpl.run (node_modules/express-validator/lib/chain/context-runner-impl.js:34:70)\n      at runValidators (src/modules/patient/__tests__/unit/validation/validator.unit.test.js:80:5)\n      at Object.<anonymous> (src/modules/patient/__tests__/unit/validation/validator.unit.test.js:577:22)\n\n  ● Member Validation Tests › validateMemberCreate › should fail with invalid contact number\n\n    TypeError: Cannot read properties of undefined (reading 'toLowerCase')\n\n    \u001b[0m \u001b[90m 114 |\u001b[39m     \u001b[33m.\u001b[39misIn([\u001b[32m'male'\u001b[39m\u001b[33m,\u001b[39m \u001b[32m'female'\u001b[39m\u001b[33m,\u001b[39m \u001b[32m'Male'\u001b[39m\u001b[33m,\u001b[39m \u001b[32m'Female'\u001b[39m])\n     \u001b[90m 115 |\u001b[39m     \u001b[33m.\u001b[39mwithMessage(\u001b[32m\"Gender must be either 'male' or 'female'\"\u001b[39m)\n    \u001b[31m\u001b[1m>\u001b[22m\u001b[39m\u001b[90m 116 |\u001b[39m     \u001b[33m.\u001b[39mcustomSanitizer(value \u001b[33m=>\u001b[39m value\u001b[33m.\u001b[39mtoLowerCase())\u001b[33m,\u001b[39m\n     \u001b[90m     |\u001b[39m                                     \u001b[31m\u001b[1m^\u001b[22m\u001b[39m\n     \u001b[90m 117 |\u001b[39m   \n     \u001b[90m 118 |\u001b[39m   body(\u001b[32m\"gn_division\"\u001b[39m)\n     \u001b[90m 119 |\u001b[39m     \u001b[33m.\u001b[39mnotEmpty()\u001b[0m\n\n      at Sanitization.sanitizer (src/modules/patient/validations/memberValidation.js:116:37)\n      at runCustomSanitizer (node_modules/express-validator/lib/context-items/sanitization.js:18:41)\n      at Sanitization.run (node_modules/express-validator/lib/context-items/sanitization.js:22:36)\n      at node_modules/express-validator/lib/chain/context-runner-impl.js:41:39\n          at Array.map (<anonymous>)\n      at ContextRunnerImpl.run (node_modules/express-validator/lib/chain/context-runner-impl.js:34:70)\n      at runValidators (src/modules/patient/__tests__/unit/validation/validator.unit.test.js:80:5)\n      at Object.<anonymous> (src/modules/patient/__tests__/unit/validation/validator.unit.test.js:597:22)\n","name":"D:\\SLIIT\\Year 03\\Semester 1\\AF\\Assignment\\Project\\MediLab-main\\MediLab\\apps\\backend\\src\\modules\\patient\\__tests__\\unit\\validation\\validator.unit.test.js","startTime":1775512443717,"status":"failed","summary":""}],"wasInterrupted":false}
